Using pre-set license
Built from '2020.3/staging' branch; Version is '2020.3.6f1 (338bb68529b2) revision 3378102'; Using compiler version '192528614'; Build Type 'Release'
OS: 'Windows 10 Home; OS build 19042.1110; Version 2009; 64bit' Language: 'en' Physical Memory: 16264 MB
BatchMode: 1, IsHumanControllingUs: 0, StartBugReporterOnCrash: 0, Is64bit: 1, IsPro: 0

 COMMAND LINE ARGUMENTS:
C:\Program Files\Unity\Hub\Editor\2020.3.6f1\Editor\Unity.exe
-adb2
-batchMode
-noUpm
-name
AssetImportWorker2
-projectPath
C:/Users/User/Desktop/Projects/GGJ21/GameJam21/GatorJam21
-logFile
Logs/AssetImportWorker2.log
-srvPort
56341
Successfully changed project path to: C:/Users/User/Desktop/Projects/GGJ21/GameJam21/GatorJam21
C:/Users/User/Desktop/Projects/GGJ21/GameJam21/GatorJam21
Using Asset Import Pipeline V2.
Refreshing native plugins compatible for Editor in 40.76 ms, found 1 plugins.
Preloading 0 native plugins for Editor in 0.00 ms.
Initialize engine version: 2020.3.6f1 (338bb68529b2)
[Subsystems] Discovering subsystems at path C:/Program Files/Unity/Hub/Editor/2020.3.6f1/Editor/Data/Resources/UnitySubsystems
[Subsystems] Discovering subsystems at path C:/Users/User/Desktop/Projects/GGJ21/GameJam21/GatorJam21/Assets
GfxDevice: creating device client; threaded=0
Direct3D:
    Version:  Direct3D 11.0 [level 11.1]
    Renderer: Intel(R) UHD Graphics 620 (ID=0x5917)
    Vendor:   
    VRAM:     8132 MB
    Driver:   27.20.100.8681
Initialize mono
Mono path[0] = 'C:/Program Files/Unity/Hub/Editor/2020.3.6f1/Editor/Data/Managed'
Mono path[1] = 'C:/Program Files/Unity/Hub/Editor/2020.3.6f1/Editor/Data/MonoBleedingEdge/lib/mono/unityjit'
Mono config path = 'C:/Program Files/Unity/Hub/Editor/2020.3.6f1/Editor/Data/MonoBleedingEdge/etc'
Using monoOptions --debugger-agent=transport=dt_socket,embedding=1,server=y,suspend=n,address=127.0.0.1:56944
Begin MonoManager ReloadAssembly
Registering precompiled unity dll's ...
Register platform support module: C:/Program Files/Unity/Hub/Editor/2020.3.6f1/Editor/Data/PlaybackEngines/WindowsStandaloneSupport/UnityEditor.WindowsStandalone.Extensions.dll
Registered in 0.002216 seconds.
Native extension for WindowsStandalone target not found
Refreshing native plugins compatible for Editor in 36.62 ms, found 1 plugins.
Preloading 0 native plugins for Editor in 0.00 ms.
Mono: successfully reloaded assembly
- Completed reload, in  1.334 seconds
Platform modules already initialized, skipping
Registering precompiled user dll's ...
Registered in 0.001156 seconds.
Begin MonoManager ReloadAssembly
Native extension for WindowsStandalone target not found
Refreshing native plugins compatible for Editor in 38.68 ms, found 1 plugins.
Preloading 0 native plugins for Editor in 0.00 ms.
Mono: successfully reloaded assembly
- Completed reload, in  2.305 seconds
Platform modules already initialized, skipping
========================================================================
Worker process is ready to serve import requests
Launched and connected shader compiler UnityShaderCompiler.exe after 0.25 seconds
Refreshing native plugins compatible for Editor in 0.52 ms, found 1 plugins.
Preloading 0 native plugins for Editor in 0.00 ms.
Unloading 1808 Unused Serialized files (Serialized files now loaded: 0)
System memory in use before: 84.9 MB.
System memory in use after: 84.9 MB.

Unloading 24 unused Assets to reduce memory usage. Loaded Objects now: 2252.
Total: 4.023500 ms (FindLiveObjects: 0.470600 ms CreateObjectMapping: 0.153000 ms MarkObjects: 3.097300 ms  DeleteObjects: 0.300300 ms)

========================================================================
Received Import Request.
  path: Assets/Crystal/Background.jpg
  artifactKey: Guid(d7c77792263d58d4e8a06cabc64c7a5d) Importer(815301076,1909f56bfc062723c751e8b465ee728b)
Start importing Assets/Crystal/Background.jpg using Guid(d7c77792263d58d4e8a06cabc64c7a5d) Importer(815301076,1909f56bfc062723c751e8b465ee728b)  -> (artifact id: '7f0e97bdbfdb454cc7b754410e774c32') in 0.426864 seconds
  Import took 0.431615 seconds .

========================================================================
Received Import Request.
  Time since last request: 507.670689 seconds.
  path: Assets/Crystal/littleBlue.png
  artifactKey: Guid(5cdae2ff6fb49e847a92661f75ec193a) Importer(815301076,1909f56bfc062723c751e8b465ee728b)
Start importing Assets/Crystal/littleBlue.png using Guid(5cdae2ff6fb49e847a92661f75ec193a) Importer(815301076,1909f56bfc062723c751e8b465ee728b)  -> (artifact id: 'b43ae4e2ad4277ceafa9b79290cb3491') in 0.053171 seconds
  Import took 0.057427 seconds .

========================================================================
Received Prepare
Registering precompiled user dll's ...
Registered in 0.001332 seconds.
Begin MonoManager ReloadAssembly
Native extension for WindowsStandalone target not found
Refreshing native plugins compatible for Editor in 0.48 ms, found 1 plugins.
Preloading 0 native plugins for Editor in 0.00 ms.
Mono: successfully reloaded assembly
- Completed reload, in  1.357 seconds
Platform modules already initialized, skipping
Refreshing native plugins compatible for Editor in 0.34 ms, found 1 plugins.
Preloading 0 native plugins for Editor in 0.00 ms.
Unloading 1803 Unused Serialized files (Serialized files now loaded: 0)
System memory in use before: 88.0 MB.
System memory in use after: 88.0 MB.

Unloading 12 unused Assets to reduce memory usage. Loaded Objects now: 2262.
Total: 3.375600 ms (FindLiveObjects: 0.308500 ms CreateObjectMapping: 0.159100 ms MarkObjects: 2.765900 ms  DeleteObjects: 0.141000 ms)

========================================================================
Received Import Request.
  Time since last request: 6464.658979 seconds.
  path: Assets
  artifactKey: Guid(00000000000000001000000000000000) Importer(815301076,1909f56bfc062723c751e8b465ee728b)
Start importing Assets using Guid(00000000000000001000000000000000) Importer(815301076,1909f56bfc062723c751e8b465ee728b)  -> (artifact id: '2c602d4445bd9e0e517b9a7c882a2249') in 0.031375 seconds
  Import took 0.042883 seconds .

========================================================================
Received Import Request.
  Time since last request: 9.000527 seconds.
  path: Assets/Script
  artifactKey: Guid(2502c65e279819849bea18b7c82bce5f) Importer(815301076,1909f56bfc062723c751e8b465ee728b)
Start importing Assets/Script using Guid(2502c65e279819849bea18b7c82bce5f) Importer(815301076,1909f56bfc062723c751e8b465ee728b)  -> (artifact id: '43b1e0b2c3f96dd02f5df0e764475bd7') in 0.037272 seconds
  Import took 0.049649 seconds .

AssetImportWorkerClient::OnTransportError - code=2 error=End of file
