Using pre-set license
Built from '2020.3/staging' branch; Version is '2020.3.6f1 (338bb68529b2) revision 3378102'; Using compiler version '192528614'; Build Type 'Release'
OS: 'Windows 10 Home China; OS build 19042.1110; Version 2009; 64bit' Language: 'zh' Physical Memory: 16291 MB
BatchMode: 1, IsHumanControllingUs: 0, StartBugReporterOnCrash: 0, Is64bit: 1, IsPro: 0

 COMMAND LINE ARGUMENTS:
C:\Program Files\Unity\Hub\Editor\2020.3.6f1\Editor\Unity.exe
-adb2
-batchMode
-noUpm
-name
AssetImportWorker0
-projectPath
C:/Users/Jinfan Tu/Desktop/GameJam21/GatorJam21
-logFile
Logs/AssetImportWorker0.log
-srvPort
59998
Successfully changed project path to: C:/Users/Jinfan Tu/Desktop/GameJam21/GatorJam21
C:/Users/Jinfan Tu/Desktop/GameJam21/GatorJam21
Using Asset Import Pipeline V2.
Refreshing native plugins compatible for Editor in 41.26 ms, found 1 plugins.
Preloading 0 native plugins for Editor in 0.00 ms.
Initialize engine version: 2020.3.6f1 (338bb68529b2)
[Subsystems] Discovering subsystems at path C:/Program Files/Unity/Hub/Editor/2020.3.6f1/Editor/Data/Resources/UnitySubsystems
[Subsystems] Discovering subsystems at path C:/Users/Jinfan Tu/Desktop/GameJam21/GatorJam21/Assets
GfxDevice: creating device client; threaded=0
Direct3D:
    Version:  Direct3D 11.0 [level 11.1]
    Renderer: NVIDIA GeForce RTX 2060 (ID=0x1f15)
    Vendor:   
    VRAM:     5980 MB
    Driver:   27.21.14.6089
Initialize mono
Mono path[0] = 'C:/Program Files/Unity/Hub/Editor/2020.3.6f1/Editor/Data/Managed'
Mono path[1] = 'C:/Program Files/Unity/Hub/Editor/2020.3.6f1/Editor/Data/MonoBleedingEdge/lib/mono/unityjit'
Mono config path = 'C:/Program Files/Unity/Hub/Editor/2020.3.6f1/Editor/Data/MonoBleedingEdge/etc'
Using monoOptions --debugger-agent=transport=dt_socket,embedding=1,server=y,suspend=n,address=127.0.0.1:56188
Begin MonoManager ReloadAssembly
Registering precompiled unity dll's ...
Register platform support module: C:/Program Files/Unity/Hub/Editor/2020.3.6f1/Editor/Data/PlaybackEngines/WindowsStandaloneSupport/UnityEditor.WindowsStandalone.Extensions.dll
Registered in 0.005213 seconds.
Native extension for WindowsStandalone target not found
Refreshing native plugins compatible for Editor in 39.46 ms, found 1 plugins.
Preloading 0 native plugins for Editor in 0.00 ms.
Mono: successfully reloaded assembly
- Completed reload, in  1.488 seconds
Platform modules already initialized, skipping
Registering precompiled user dll's ...
Registered in 0.001615 seconds.
Begin MonoManager ReloadAssembly
Native extension for WindowsStandalone target not found
Refreshing native plugins compatible for Editor in 40.13 ms, found 1 plugins.
Preloading 0 native plugins for Editor in 0.00 ms.
Mono: successfully reloaded assembly
- Completed reload, in  1.057 seconds
Platform modules already initialized, skipping
========================================================================
Worker process is ready to serve import requests
Launched and connected shader compiler UnityShaderCompiler.exe after 0.08 seconds
Refreshing native plugins compatible for Editor in 0.59 ms, found 1 plugins.
Preloading 0 native plugins for Editor in 0.00 ms.
Unloading 1808 Unused Serialized files (Serialized files now loaded: 0)
System memory in use before: 85.0 MB.
System memory in use after: 84.9 MB.

Unloading 24 unused Assets to reduce memory usage. Loaded Objects now: 2252.
Total: 2.233800 ms (FindLiveObjects: 0.214200 ms CreateObjectMapping: 0.078300 ms MarkObjects: 1.817600 ms  DeleteObjects: 0.122700 ms)

========================================================================
Received Import Request.
  path: Assets/Scenes/MemoryWall.unity
  artifactKey: Guid(afa628df7e1473f4bbf98e18dc99e185) Importer(815301076,1909f56bfc062723c751e8b465ee728b)
Start importing Assets/Scenes/MemoryWall.unity using Guid(afa628df7e1473f4bbf98e18dc99e185) Importer(815301076,1909f56bfc062723c751e8b465ee728b)  -> (artifact id: '839cf7fcf0f073b59684641e0b11728f') in 0.013223 seconds
  Import took 0.016415 seconds .

========================================================================
Received Import Request.
  Time since last request: 194.224537 seconds.
  path: Assets/Crystal/Background.jpg
  artifactKey: Guid(d7c77792263d58d4e8a06cabc64c7a5d) Importer(815301076,1909f56bfc062723c751e8b465ee728b)
Start importing Assets/Crystal/Background.jpg using Guid(d7c77792263d58d4e8a06cabc64c7a5d) Importer(815301076,1909f56bfc062723c751e8b465ee728b)  -> (artifact id: '1d9145f79b347550452d619649a49572') in 0.130807 seconds
  Import took 0.134002 seconds .

========================================================================
Received Import Request.
  Time since last request: 0.000173 seconds.
  path: Assets/Crystal/littleBlue.png
  artifactKey: Guid(5cdae2ff6fb49e847a92661f75ec193a) Importer(815301076,1909f56bfc062723c751e8b465ee728b)
Start importing Assets/Crystal/littleBlue.png using Guid(5cdae2ff6fb49e847a92661f75ec193a) Importer(815301076,1909f56bfc062723c751e8b465ee728b)  -> (artifact id: 'a0b3518284af41a8da3f8ec6ada3ada0') in 0.016545 seconds
  Import took 0.019205 seconds .

========================================================================
Received Import Request.
  Time since last request: 23.490596 seconds.
  path: Assets/WallResources
  artifactKey: Guid(bca081f2011c4864d8f6209bc3e4297c) Importer(815301076,1909f56bfc062723c751e8b465ee728b)
Start importing Assets/WallResources using Guid(bca081f2011c4864d8f6209bc3e4297c) Importer(815301076,1909f56bfc062723c751e8b465ee728b)  -> (artifact id: '4d0011f6e4bf4fbca86f1d21423eba9e') in 0.002867 seconds
  Import took 0.005864 seconds .

========================================================================
Received Import Request.
  Time since last request: 465.077027 seconds.
  path: Assets/Scenes/MemoryWall.unity
  artifactKey: Guid(afa628df7e1473f4bbf98e18dc99e185) Importer(815301076,1909f56bfc062723c751e8b465ee728b)
Start importing Assets/Scenes/MemoryWall.unity using Guid(afa628df7e1473f4bbf98e18dc99e185) Importer(815301076,1909f56bfc062723c751e8b465ee728b)  -> (artifact id: '6b46116b71bcbb39ef3d27817e222510') in 0.004568 seconds
  Import took 0.007822 seconds .

========================================================================
Received Import Request.
  Time since last request: 2.658274 seconds.
  path: Assets/Scenes/CrystalScene.unity
  artifactKey: Guid(1bcafc11838263248a01393f71c6dd52) Importer(815301076,1909f56bfc062723c751e8b465ee728b)
Start importing Assets/Scenes/CrystalScene.unity using Guid(1bcafc11838263248a01393f71c6dd52) Importer(815301076,1909f56bfc062723c751e8b465ee728b)  -> (artifact id: '1d5c2df7153446bbd3801ed92b5becc6') in 0.004227 seconds
  Import took 0.007036 seconds .

========================================================================
Received Import Request.
  Time since last request: 562.550775 seconds.
  path: Assets/WallResources/wall.jpg
  artifactKey: Guid(adee2f82482244944b90836ae1826fec) Importer(815301076,1909f56bfc062723c751e8b465ee728b)
Start importing Assets/WallResources/wall.jpg using Guid(adee2f82482244944b90836ae1826fec) Importer(815301076,1909f56bfc062723c751e8b465ee728b)  -> (artifact id: '85c57d6f473c09b2436de6877a5ae903') in 0.018683 seconds
  Import took 0.021800 seconds .

========================================================================
Received Import Request.
  Time since last request: 218.199340 seconds.
  path: Assets/WallResources/png-clipart-polaroid-paper-pattern-polaroid-photo-paper-polaroid-photo.png
  artifactKey: Guid(592d948508089334db8dcc6e5a035f96) Importer(815301076,1909f56bfc062723c751e8b465ee728b)
Start importing Assets/WallResources/png-clipart-polaroid-paper-pattern-polaroid-photo-paper-polaroid-photo.png using Guid(592d948508089334db8dcc6e5a035f96) Importer(815301076,1909f56bfc062723c751e8b465ee728b)  -> (artifact id: 'cf963c48f0514772e0713efa57bff694') in 0.019518 seconds
  Import took 0.022374 seconds .

========================================================================
Received Import Request.
  Time since last request: 585.094424 seconds.
  path: Assets/WallResources/photo.png
  artifactKey: Guid(d8f2c4ed87f5cc74c9ac43574c849401) Importer(815301076,1909f56bfc062723c751e8b465ee728b)
Start importing Assets/WallResources/photo.png using Guid(d8f2c4ed87f5cc74c9ac43574c849401) Importer(815301076,1909f56bfc062723c751e8b465ee728b)  -> (artifact id: '8e4d372e336ff0f9153d9af8014e704f') in 0.018248 seconds
  Import took 0.021417 seconds .

========================================================================
Received Import Request.
  Time since last request: 1100.410040 seconds.
  path: Assets/WallResources/book.jpg
  artifactKey: Guid(3751df2f07fc8b74c99db0cbad3fcec3) Importer(815301076,1909f56bfc062723c751e8b465ee728b)
Start importing Assets/WallResources/book.jpg using Guid(3751df2f07fc8b74c99db0cbad3fcec3) Importer(815301076,1909f56bfc062723c751e8b465ee728b)  -> (artifact id: '904bf9ad530b7f2143afd41300def6bd') in 0.014033 seconds
  Import took 0.017955 seconds .

========================================================================
Received Import Request.
  Time since last request: 677.625150 seconds.
  path: Assets/Scenes/MemoryWall.unity
  artifactKey: Guid(afa628df7e1473f4bbf98e18dc99e185) Importer(815301076,1909f56bfc062723c751e8b465ee728b)
Start importing Assets/Scenes/MemoryWall.unity using Guid(afa628df7e1473f4bbf98e18dc99e185) Importer(815301076,1909f56bfc062723c751e8b465ee728b)  -> (artifact id: '7152bf03c9dd19a1a661f4bfcc163f19') in 0.003925 seconds
  Import took 0.006846 seconds .

========================================================================
Received Import Request.
  Time since last request: 38.021481 seconds.
  path: Assets/Scenes/Shopping 2.png
  artifactKey: Guid(9a32632369f08a746aae70326cf0090c) Importer(815301076,1909f56bfc062723c751e8b465ee728b)
Start importing Assets/Scenes/Shopping 2.png using Guid(9a32632369f08a746aae70326cf0090c) Importer(815301076,1909f56bfc062723c751e8b465ee728b)  -> (artifact id: '7473295c685f0c5a9c4d4d234787eeb9') in 0.026164 seconds
  Import took 0.028907 seconds .

========================================================================
Received Import Request.
  Time since last request: 60.177845 seconds.
  path: Assets/WallResources/Shopping 2.png
  artifactKey: Guid(b5ff72fe6542ef44292660eefc2c543c) Importer(815301076,1909f56bfc062723c751e8b465ee728b)
Start importing Assets/WallResources/Shopping 2.png using Guid(b5ff72fe6542ef44292660eefc2c543c) Importer(815301076,1909f56bfc062723c751e8b465ee728b)  -> (artifact id: '41878b09c1938f14e3a6d81f9ede4175') in 0.018552 seconds
  Import took 0.021134 seconds .

========================================================================
Received Import Request.
  Time since last request: 149.330440 seconds.
  path: Assets/WallResources/Shopping 2.png
  artifactKey: Guid(b5ff72fe6542ef44292660eefc2c543c) Importer(815301076,1909f56bfc062723c751e8b465ee728b)
Start importing Assets/WallResources/Shopping 2.png using Guid(b5ff72fe6542ef44292660eefc2c543c) Importer(815301076,1909f56bfc062723c751e8b465ee728b)  -> (artifact id: 'cb7201aaf1567836b60eb08fbe070248') in 0.019713 seconds
  Import took 0.022420 seconds .

========================================================================
Received Import Request.
  Time since last request: 163.164307 seconds.
  path: Assets/WallResources/Shopping 2.png
  artifactKey: Guid(b5ff72fe6542ef44292660eefc2c543c) Importer(815301076,1909f56bfc062723c751e8b465ee728b)
Start importing Assets/WallResources/Shopping 2.png using Guid(b5ff72fe6542ef44292660eefc2c543c) Importer(815301076,1909f56bfc062723c751e8b465ee728b)  -> (artifact id: 'e67a20dbddf0e871482f526de193f1d1') in 0.029045 seconds
  Import took 0.032352 seconds .

========================================================================
Received Prepare
Registering precompiled user dll's ...
Registered in 0.001712 seconds.
Begin MonoManager ReloadAssembly
Native extension for WindowsStandalone target not found
Refreshing native plugins compatible for Editor in 0.36 ms, found 1 plugins.
Preloading 0 native plugins for Editor in 0.00 ms.
Mono: successfully reloaded assembly
- Completed reload, in  0.908 seconds
Platform modules already initialized, skipping
Refreshing native plugins compatible for Editor in 0.33 ms, found 1 plugins.
Preloading 0 native plugins for Editor in 0.00 ms.
Unloading 1804 Unused Serialized files (Serialized files now loaded: 0)
System memory in use before: 88.1 MB.
System memory in use after: 88.0 MB.

Unloading 12 unused Assets to reduce memory usage. Loaded Objects now: 2273.
Total: 1.856700 ms (FindLiveObjects: 0.171500 ms CreateObjectMapping: 0.058400 ms MarkObjects: 1.525500 ms  DeleteObjects: 0.100500 ms)

========================================================================
Received Prepare
Registering precompiled user dll's ...
Registered in 0.001681 seconds.
Begin MonoManager ReloadAssembly
Native extension for WindowsStandalone target not found
Refreshing native plugins compatible for Editor in 0.30 ms, found 1 plugins.
Preloading 0 native plugins for Editor in 0.00 ms.
Mono: successfully reloaded assembly
- Completed reload, in  0.876 seconds
Platform modules already initialized, skipping
Refreshing native plugins compatible for Editor in 0.30 ms, found 1 plugins.
Preloading 0 native plugins for Editor in 0.00 ms.
Unloading 1805 Unused Serialized files (Serialized files now loaded: 0)
System memory in use before: 88.1 MB.
System memory in use after: 88.1 MB.

Unloading 12 unused Assets to reduce memory usage. Loaded Objects now: 2278.
Total: 1.806000 ms (FindLiveObjects: 0.171000 ms CreateObjectMapping: 0.067000 ms MarkObjects: 1.482700 ms  DeleteObjects: 0.084500 ms)

========================================================================
Received Import Request.
  Time since last request: 1269.577725 seconds.
  path: Assets/test.cs
  artifactKey: Guid(22532e615473e17489ae8fd552c9483d) Importer(815301076,1909f56bfc062723c751e8b465ee728b)
Start importing Assets/test.cs using Guid(22532e615473e17489ae8fd552c9483d) Importer(815301076,1909f56bfc062723c751e8b465ee728b)  -> (artifact id: '3f37f95c9bee22ebdfe5bf0d26992b55') in 0.014519 seconds
  Import took 0.017224 seconds .

========================================================================
Received Prepare
Registering precompiled user dll's ...
Registered in 0.001606 seconds.
Begin MonoManager ReloadAssembly
Native extension for WindowsStandalone target not found
Refreshing native plugins compatible for Editor in 0.33 ms, found 1 plugins.
Preloading 0 native plugins for Editor in 0.00 ms.
Mono: successfully reloaded assembly
- Completed reload, in  0.858 seconds
Platform modules already initialized, skipping
Refreshing native plugins compatible for Editor in 0.36 ms, found 1 plugins.
Preloading 0 native plugins for Editor in 0.00 ms.
Unloading 1804 Unused Serialized files (Serialized files now loaded: 0)
System memory in use before: 88.1 MB.
System memory in use after: 88.1 MB.

Unloading 13 unused Assets to reduce memory usage. Loaded Objects now: 2281.
Total: 1.970700 ms (FindLiveObjects: 0.195100 ms CreateObjectMapping: 0.088600 ms MarkObjects: 1.579500 ms  DeleteObjects: 0.106400 ms)

========================================================================
Received Import Request.
  Time since last request: 7.008199 seconds.
  path: Assets/TestClick.cs
  artifactKey: Guid(6706268688faf034fbc5aa7dfea3c097) Importer(815301076,1909f56bfc062723c751e8b465ee728b)
Start importing Assets/TestClick.cs using Guid(6706268688faf034fbc5aa7dfea3c097) Importer(815301076,1909f56bfc062723c751e8b465ee728b)  -> (artifact id: '64c400b4bf23de129e002d96f73e8287') in 0.005751 seconds
  Import took 0.008751 seconds .

========================================================================
Received Prepare
Registering precompiled user dll's ...
Registered in 0.001695 seconds.
Begin MonoManager ReloadAssembly
Native extension for WindowsStandalone target not found
Refreshing native plugins compatible for Editor in 0.29 ms, found 1 plugins.
Preloading 0 native plugins for Editor in 0.00 ms.
Mono: successfully reloaded assembly
- Completed reload, in  0.869 seconds
Platform modules already initialized, skipping
Refreshing native plugins compatible for Editor in 0.51 ms, found 1 plugins.
Preloading 0 native plugins for Editor in 0.00 ms.
Unloading 1803 Unused Serialized files (Serialized files now loaded: 0)
System memory in use before: 88.1 MB.
System memory in use after: 88.1 MB.

Unloading 13 unused Assets to reduce memory usage. Loaded Objects now: 2284.
Total: 1.987900 ms (FindLiveObjects: 0.215200 ms CreateObjectMapping: 0.069300 ms MarkObjects: 1.582500 ms  DeleteObjects: 0.119800 ms)

========================================================================
Received Import Request.
  Time since last request: 436.118714 seconds.
  path: Assets/Scenes/MemoryWall.unity
  artifactKey: Guid(afa628df7e1473f4bbf98e18dc99e185) Importer(815301076,1909f56bfc062723c751e8b465ee728b)
Start importing Assets/Scenes/MemoryWall.unity using Guid(afa628df7e1473f4bbf98e18dc99e185) Importer(815301076,1909f56bfc062723c751e8b465ee728b)  -> (artifact id: '8ea71c53481963a4e0816191646aa69d') in 0.011115 seconds
  Import took 0.013858 seconds .

========================================================================
Received Import Request.
  Time since last request: 44.237219 seconds.
  path: Assets/Scenes/NewBehaviourScript.cs
  artifactKey: Guid(83c6d6a2c4e0e18458724670001ba815) Importer(815301076,1909f56bfc062723c751e8b465ee728b)
Start importing Assets/Scenes/NewBehaviourScript.cs using Guid(83c6d6a2c4e0e18458724670001ba815) Importer(815301076,1909f56bfc062723c751e8b465ee728b)  -> (artifact id: 'be49ecbeabf312728b16b9caf7d4c931') in 0.002823 seconds
  Import took 0.005411 seconds .

========================================================================
Received Prepare
Registering precompiled user dll's ...
Registered in 0.002035 seconds.
Begin MonoManager ReloadAssembly
Native extension for WindowsStandalone target not found
Refreshing native plugins compatible for Editor in 0.32 ms, found 1 plugins.
Preloading 0 native plugins for Editor in 0.00 ms.
Mono: successfully reloaded assembly
- Completed reload, in  0.795 seconds
Platform modules already initialized, skipping
Refreshing native plugins compatible for Editor in 0.30 ms, found 1 plugins.
Preloading 0 native plugins for Editor in 0.00 ms.
Unloading 1804 Unused Serialized files (Serialized files now loaded: 0)
System memory in use before: 88.2 MB.
System memory in use after: 88.2 MB.

Unloading 12 unused Assets to reduce memory usage. Loaded Objects now: 2289.
Total: 1.725400 ms (FindLiveObjects: 0.153800 ms CreateObjectMapping: 0.059800 ms MarkObjects: 1.377500 ms  DeleteObjects: 0.133700 ms)

========================================================================
Received Prepare
Registering precompiled user dll's ...
Registered in 0.001426 seconds.
Begin MonoManager ReloadAssembly
Native extension for WindowsStandalone target not found
Refreshing native plugins compatible for Editor in 0.38 ms, found 1 plugins.
Preloading 0 native plugins for Editor in 0.00 ms.
Mono: successfully reloaded assembly
- Completed reload, in  0.814 seconds
Platform modules already initialized, skipping
Refreshing native plugins compatible for Editor in 0.30 ms, found 1 plugins.
Preloading 0 native plugins for Editor in 0.00 ms.
Unloading 1803 Unused Serialized files (Serialized files now loaded: 0)
System memory in use before: 88.2 MB.
System memory in use after: 88.1 MB.

Unloading 13 unused Assets to reduce memory usage. Loaded Objects now: 2292.
Total: 1.808500 ms (FindLiveObjects: 0.163100 ms CreateObjectMapping: 0.063700 ms MarkObjects: 1.492800 ms  DeleteObjects: 0.088000 ms)

========================================================================
Received Prepare
Registering precompiled user dll's ...
Registered in 0.001303 seconds.
Begin MonoManager ReloadAssembly
Native extension for WindowsStandalone target not found
Refreshing native plugins compatible for Editor in 0.30 ms, found 1 plugins.
Preloading 0 native plugins for Editor in 0.00 ms.
Mono: successfully reloaded assembly
- Completed reload, in  0.821 seconds
Platform modules already initialized, skipping
Refreshing native plugins compatible for Editor in 0.30 ms, found 1 plugins.
Preloading 0 native plugins for Editor in 0.00 ms.
Unloading 1804 Unused Serialized files (Serialized files now loaded: 0)
System memory in use before: 88.2 MB.
System memory in use after: 88.2 MB.

Unloading 12 unused Assets to reduce memory usage. Loaded Objects now: 2297.
Total: 1.986800 ms (FindLiveObjects: 0.167600 ms CreateObjectMapping: 0.057500 ms MarkObjects: 1.544500 ms  DeleteObjects: 0.216000 ms)

========================================================================
Received Prepare
Registering precompiled user dll's ...
Registered in 0.001383 seconds.
Begin MonoManager ReloadAssembly
Native extension for WindowsStandalone target not found
Refreshing native plugins compatible for Editor in 0.30 ms, found 1 plugins.
Preloading 0 native plugins for Editor in 0.00 ms.
Mono: successfully reloaded assembly
- Completed reload, in  0.784 seconds
Platform modules already initialized, skipping
Refreshing native plugins compatible for Editor in 0.32 ms, found 1 plugins.
Preloading 0 native plugins for Editor in 0.00 ms.
Unloading 1804 Unused Serialized files (Serialized files now loaded: 0)
System memory in use before: 88.2 MB.
System memory in use after: 88.2 MB.

Unloading 12 unused Assets to reduce memory usage. Loaded Objects now: 2301.
Total: 1.886300 ms (FindLiveObjects: 0.212700 ms CreateObjectMapping: 0.062900 ms MarkObjects: 1.524300 ms  DeleteObjects: 0.085900 ms)

========================================================================
Received Import Request.
  Time since last request: 204.221573 seconds.
  path: Assets/TestClick.cs
  artifactKey: Guid(6706268688faf034fbc5aa7dfea3c097) Importer(815301076,1909f56bfc062723c751e8b465ee728b)
Start importing Assets/TestClick.cs using Guid(6706268688faf034fbc5aa7dfea3c097) Importer(815301076,1909f56bfc062723c751e8b465ee728b)  -> (artifact id: 'd4ce3e990c85808d30043d01dbcfcd66') in 0.004397 seconds
  Import took 0.006627 seconds .

========================================================================
Received Prepare
Registering precompiled user dll's ...
Registered in 0.001433 seconds.
Begin MonoManager ReloadAssembly
Native extension for WindowsStandalone target not found
Refreshing native plugins compatible for Editor in 0.50 ms, found 1 plugins.
Preloading 0 native plugins for Editor in 0.00 ms.
Mono: successfully reloaded assembly
- Completed reload, in  0.845 seconds
Platform modules already initialized, skipping
Refreshing native plugins compatible for Editor in 0.32 ms, found 1 plugins.
Preloading 0 native plugins for Editor in 0.00 ms.
Unloading 1804 Unused Serialized files (Serialized files now loaded: 0)
System memory in use before: 88.2 MB.
System memory in use after: 88.2 MB.

Unloading 12 unused Assets to reduce memory usage. Loaded Objects now: 2305.
Total: 1.719300 ms (FindLiveObjects: 0.195500 ms CreateObjectMapping: 0.086700 ms MarkObjects: 1.330200 ms  DeleteObjects: 0.105900 ms)

========================================================================
Received Prepare
Registering precompiled user dll's ...
Registered in 0.001383 seconds.
Begin MonoManager ReloadAssembly
Native extension for WindowsStandalone target not found
Refreshing native plugins compatible for Editor in 0.51 ms, found 1 plugins.
Preloading 0 native plugins for Editor in 0.00 ms.
Mono: successfully reloaded assembly
- Completed reload, in  0.842 seconds
Platform modules already initialized, skipping
Refreshing native plugins compatible for Editor in 0.35 ms, found 1 plugins.
Preloading 0 native plugins for Editor in 0.00 ms.
Unloading 1804 Unused Serialized files (Serialized files now loaded: 0)
System memory in use before: 88.2 MB.
System memory in use after: 88.2 MB.

Unloading 12 unused Assets to reduce memory usage. Loaded Objects now: 2309.
Total: 1.756200 ms (FindLiveObjects: 0.173800 ms CreateObjectMapping: 0.061700 ms MarkObjects: 1.431200 ms  DeleteObjects: 0.088800 ms)

========================================================================
Received Import Request.
  Time since last request: 636.470993 seconds.
  path: Assets/WallResources/backCloud.jpg
  artifactKey: Guid(7e52098ce9723f74cab20b7d79cb2622) Importer(815301076,1909f56bfc062723c751e8b465ee728b)
Start importing Assets/WallResources/backCloud.jpg using Guid(7e52098ce9723f74cab20b7d79cb2622) Importer(815301076,1909f56bfc062723c751e8b465ee728b)  -> (artifact id: 'bfe173b11f8e393dfaaafe69f405616a') in 0.054984 seconds
  Import took 0.057917 seconds .

========================================================================
Received Import Request.
  Time since last request: 135.848492 seconds.
  path: Assets/WallResources/backCloud.png
  artifactKey: Guid(1605a1221a6b7304e884154e404ad454) Importer(815301076,1909f56bfc062723c751e8b465ee728b)
Start importing Assets/WallResources/backCloud.png using Guid(1605a1221a6b7304e884154e404ad454) Importer(815301076,1909f56bfc062723c751e8b465ee728b)  -> (artifact id: 'a8696b75330b6ccf5fcc26fe80e8bdfa') in 0.016319 seconds
  Import took 0.018988 seconds .

========================================================================
Received Prepare
Registering precompiled user dll's ...
Registered in 0.001600 seconds.
Begin MonoManager ReloadAssembly
Native extension for WindowsStandalone target not found
Refreshing native plugins compatible for Editor in 0.56 ms, found 1 plugins.
Preloading 0 native plugins for Editor in 0.00 ms.
Mono: successfully reloaded assembly
- Completed reload, in  0.871 seconds
Platform modules already initialized, skipping
Refreshing native plugins compatible for Editor in 0.36 ms, found 1 plugins.
Preloading 0 native plugins for Editor in 0.00 ms.
Unloading 1804 Unused Serialized files (Serialized files now loaded: 0)
System memory in use before: 88.2 MB.
System memory in use after: 88.2 MB.

Unloading 12 unused Assets to reduce memory usage. Loaded Objects now: 2316.
Total: 1.718700 ms (FindLiveObjects: 0.166600 ms CreateObjectMapping: 0.053100 ms MarkObjects: 1.414200 ms  DeleteObjects: 0.084000 ms)

========================================================================
Received Import Request.
  Time since last request: 1868.623995 seconds.
  path: Assets/Crystal
  artifactKey: Guid(52684356031ef0c45a1a0dc4f34eedf9) Importer(815301076,1909f56bfc062723c751e8b465ee728b)
Start importing Assets/Crystal using Guid(52684356031ef0c45a1a0dc4f34eedf9) Importer(815301076,1909f56bfc062723c751e8b465ee728b)  -> (artifact id: 'd6dc49f41380d774aa888a2dfdc3372c') in 0.005840 seconds
  Import took 0.008626 seconds .

========================================================================
Received Import Request.
  Time since last request: 4.036696 seconds.
  path: Assets/Script
  artifactKey: Guid(2502c65e279819849bea18b7c82bce5f) Importer(815301076,1909f56bfc062723c751e8b465ee728b)
Start importing Assets/Script using Guid(2502c65e279819849bea18b7c82bce5f) Importer(815301076,1909f56bfc062723c751e8b465ee728b)  -> (artifact id: 'c871a8b0fdfe7165b7b1b8327d6c30c4') in 0.003713 seconds
  Import took 0.006341 seconds .

========================================================================
Received Prepare
Registering precompiled user dll's ...
Registered in 0.002124 seconds.
Begin MonoManager ReloadAssembly
Native extension for WindowsStandalone target not found
Refreshing native plugins compatible for Editor in 0.38 ms, found 1 plugins.
Preloading 0 native plugins for Editor in 0.00 ms.
Mono: successfully reloaded assembly
- Completed reload, in  1.024 seconds
Platform modules already initialized, skipping
Refreshing native plugins compatible for Editor in 0.32 ms, found 1 plugins.
Preloading 0 native plugins for Editor in 0.00 ms.
Unloading 1804 Unused Serialized files (Serialized files now loaded: 0)
System memory in use before: 88.3 MB.
System memory in use after: 88.2 MB.

Unloading 12 unused Assets to reduce memory usage. Loaded Objects now: 2320.
Total: 2.097700 ms (FindLiveObjects: 0.227900 ms CreateObjectMapping: 0.094900 ms MarkObjects: 1.668900 ms  DeleteObjects: 0.104700 ms)

========================================================================
Received Import Request.
  Time since last request: 534.273966 seconds.
  path: Assets/Script/WallManager.cs
  artifactKey: Guid(d7d8cc380c898144ab66b465b0aa999e) Importer(815301076,1909f56bfc062723c751e8b465ee728b)
Start importing Assets/Script/WallManager.cs using Guid(d7d8cc380c898144ab66b465b0aa999e) Importer(815301076,1909f56bfc062723c751e8b465ee728b)  -> (artifact id: '61c3b4eff5c524d24ec84b52ce7d78e7') in 0.006270 seconds
  Import took 0.009258 seconds .

========================================================================
Received Prepare
Registering precompiled user dll's ...
Registered in 0.001763 seconds.
Begin MonoManager ReloadAssembly
Native extension for WindowsStandalone target not found
Refreshing native plugins compatible for Editor in 0.37 ms, found 1 plugins.
Preloading 0 native plugins for Editor in 0.00 ms.
Mono: successfully reloaded assembly
- Completed reload, in  0.960 seconds
Platform modules already initialized, skipping
Refreshing native plugins compatible for Editor in 0.33 ms, found 1 plugins.
Preloading 0 native plugins for Editor in 0.00 ms.
Unloading 1805 Unused Serialized files (Serialized files now loaded: 0)
System memory in use before: 88.3 MB.
System memory in use after: 88.3 MB.

Unloading 12 unused Assets to reduce memory usage. Loaded Objects now: 2325.
Total: 1.972100 ms (FindLiveObjects: 0.182200 ms CreateObjectMapping: 0.068800 ms MarkObjects: 1.626900 ms  DeleteObjects: 0.093300 ms)

========================================================================
Received Import Request.
  Time since last request: 813.469092 seconds.
  path: Assets/Script/WallManager.cs
  artifactKey: Guid(d7d8cc380c898144ab66b465b0aa999e) Importer(815301076,1909f56bfc062723c751e8b465ee728b)
Start importing Assets/Script/WallManager.cs using Guid(d7d8cc380c898144ab66b465b0aa999e) Importer(815301076,1909f56bfc062723c751e8b465ee728b)  -> (artifact id: 'e675ae8b1fb938529e33181099957827') in 0.007414 seconds
  Import took 0.010819 seconds .

========================================================================
Received Import Request.
  Time since last request: 18.488063 seconds.
  path: Assets/TestClick.cs
  artifactKey: Guid(6706268688faf034fbc5aa7dfea3c097) Importer(815301076,1909f56bfc062723c751e8b465ee728b)
Start importing Assets/TestClick.cs using Guid(6706268688faf034fbc5aa7dfea3c097) Importer(815301076,1909f56bfc062723c751e8b465ee728b)  -> (artifact id: 'f4ad935a0a072ca746b30268e1ee118e') in 0.002788 seconds
  Import took 0.005928 seconds .

========================================================================
Received Import Request.
  Time since last request: 1385.721706 seconds.
  path: Assets/Script/TestClick.cs
  artifactKey: Guid(6706268688faf034fbc5aa7dfea3c097) Importer(815301076,1909f56bfc062723c751e8b465ee728b)
Start importing Assets/Script/TestClick.cs using Guid(6706268688faf034fbc5aa7dfea3c097) Importer(815301076,1909f56bfc062723c751e8b465ee728b)  -> (artifact id: '7f3c9bdc0b74378c619337471055e928') in 0.002649 seconds
  Import took 0.005715 seconds .

========================================================================
Received Import Request.
  Time since last request: 8.273494 seconds.
  path: Assets/Script/WallManager.cs
  artifactKey: Guid(d7d8cc380c898144ab66b465b0aa999e) Importer(815301076,1909f56bfc062723c751e8b465ee728b)
Start importing Assets/Script/WallManager.cs using Guid(d7d8cc380c898144ab66b465b0aa999e) Importer(815301076,1909f56bfc062723c751e8b465ee728b)  -> (artifact id: 'fcd8e01a77c37bde41c7a1d23ec1cf0d') in 0.002811 seconds
  Import took 0.005889 seconds .

========================================================================
Received Prepare
Registering precompiled user dll's ...
Registered in 0.001755 seconds.
Begin MonoManager ReloadAssembly
Native extension for WindowsStandalone target not found
Refreshing native plugins compatible for Editor in 0.32 ms, found 1 plugins.
Preloading 0 native plugins for Editor in 0.00 ms.
Mono: successfully reloaded assembly
- Completed reload, in  0.790 seconds
Platform modules already initialized, skipping
Refreshing native plugins compatible for Editor in 0.30 ms, found 1 plugins.
Preloading 0 native plugins for Editor in 0.00 ms.
Unloading 1805 Unused Serialized files (Serialized files now loaded: 0)
System memory in use before: 88.3 MB.
System memory in use after: 88.3 MB.

Unloading 12 unused Assets to reduce memory usage. Loaded Objects now: 2329.
Total: 1.713600 ms (FindLiveObjects: 0.178500 ms CreateObjectMapping: 0.069900 ms MarkObjects: 1.375900 ms  DeleteObjects: 0.088600 ms)

========================================================================
Received Prepare
Registering precompiled user dll's ...
Registered in 0.001424 seconds.
Begin MonoManager ReloadAssembly
Native extension for WindowsStandalone target not found
Refreshing native plugins compatible for Editor in 0.47 ms, found 1 plugins.
Preloading 0 native plugins for Editor in 0.00 ms.
Mono: successfully reloaded assembly
- Completed reload, in  1.054 seconds
Platform modules already initialized, skipping
Refreshing native plugins compatible for Editor in 0.41 ms, found 1 plugins.
Preloading 0 native plugins for Editor in 0.00 ms.
Unloading 1805 Unused Serialized files (Serialized files now loaded: 0)
System memory in use before: 88.3 MB.
System memory in use after: 88.3 MB.

Unloading 12 unused Assets to reduce memory usage. Loaded Objects now: 2333.
Total: 2.096800 ms (FindLiveObjects: 0.212000 ms CreateObjectMapping: 0.082000 ms MarkObjects: 1.690300 ms  DeleteObjects: 0.111500 ms)

========================================================================
Received Import Request.
  Time since last request: 45.542328 seconds.
  path: Assets/Script/WallManager.cs
  artifactKey: Guid(d7d8cc380c898144ab66b465b0aa999e) Importer(815301076,1909f56bfc062723c751e8b465ee728b)
Start importing Assets/Script/WallManager.cs using Guid(d7d8cc380c898144ab66b465b0aa999e) Importer(815301076,1909f56bfc062723c751e8b465ee728b)  -> (artifact id: 'aac522a6f04190692d88f0010ddd7543') in 0.005018 seconds
  Import took 0.007848 seconds .

========================================================================
Received Import Request.
  Time since last request: 0.029395 seconds.
  path: Assets/Script/WallManager.cs
  artifactKey: Guid(d7d8cc380c898144ab66b465b0aa999e) Importer(815301076,1909f56bfc062723c751e8b465ee728b)
Start importing Assets/Script/WallManager.cs using Guid(d7d8cc380c898144ab66b465b0aa999e) Importer(815301076,1909f56bfc062723c751e8b465ee728b)  -> (artifact id: 'aac522a6f04190692d88f0010ddd7543') in 0.002798 seconds
  Import took 0.005596 seconds .

========================================================================
Received Prepare
Registering precompiled user dll's ...
Registered in 0.001373 seconds.
Begin MonoManager ReloadAssembly
Native extension for WindowsStandalone target not found
Refreshing native plugins compatible for Editor in 0.37 ms, found 1 plugins.
Preloading 0 native plugins for Editor in 0.00 ms.
Mono: successfully reloaded assembly
- Completed reload, in  0.913 seconds
Platform modules already initialized, skipping
Refreshing native plugins compatible for Editor in 0.33 ms, found 1 plugins.
Preloading 0 native plugins for Editor in 0.00 ms.
Unloading 1805 Unused Serialized files (Serialized files now loaded: 0)
System memory in use before: 88.3 MB.
System memory in use after: 88.3 MB.

Unloading 12 unused Assets to reduce memory usage. Loaded Objects now: 2337.
Total: 2.392400 ms (FindLiveObjects: 0.290900 ms CreateObjectMapping: 0.077900 ms MarkObjects: 1.911900 ms  DeleteObjects: 0.110900 ms)

========================================================================
Received Prepare
Registering precompiled user dll's ...
Registered in 0.001657 seconds.
Begin MonoManager ReloadAssembly
Native extension for WindowsStandalone target not found
Refreshing native plugins compatible for Editor in 0.60 ms, found 1 plugins.
Preloading 0 native plugins for Editor in 0.00 ms.
Mono: successfully reloaded assembly
- Completed reload, in  0.823 seconds
Platform modules already initialized, skipping
Refreshing native plugins compatible for Editor in 0.32 ms, found 1 plugins.
Preloading 0 native plugins for Editor in 0.00 ms.
Unloading 1805 Unused Serialized files (Serialized files now loaded: 0)
System memory in use before: 88.3 MB.
System memory in use after: 88.3 MB.

Unloading 12 unused Assets to reduce memory usage. Loaded Objects now: 2341.
Total: 1.753000 ms (FindLiveObjects: 0.165400 ms CreateObjectMapping: 0.057600 ms MarkObjects: 1.387600 ms  DeleteObjects: 0.141700 ms)

========================================================================
Received Import Request.
  Time since last request: 692.801016 seconds.
  path: Assets/WallResources/INT_RAIN_BEDROOM_CURTAINS_CLOSED_NIGHT.jpeg
  artifactKey: Guid(e1c44bb5436cc994c83673f3a596555b) Importer(815301076,1909f56bfc062723c751e8b465ee728b)
Start importing Assets/WallResources/INT_RAIN_BEDROOM_CURTAINS_CLOSED_NIGHT.jpeg using Guid(e1c44bb5436cc994c83673f3a596555b) Importer(815301076,1909f56bfc062723c751e8b465ee728b)  -> (artifact id: '110e1cf4ec2980dc88a801d1e01c43e7') in 0.063525 seconds
  Import took 0.066780 seconds .

========================================================================
Received Prepare
Registering precompiled user dll's ...
Registered in 0.001662 seconds.
Begin MonoManager ReloadAssembly
Native extension for WindowsStandalone target not found
Refreshing native plugins compatible for Editor in 0.30 ms, found 1 plugins.
Preloading 0 native plugins for Editor in 0.00 ms.
Mono: successfully reloaded assembly
- Completed reload, in  0.816 seconds
Platform modules already initialized, skipping
Refreshing native plugins compatible for Editor in 0.32 ms, found 1 plugins.
Preloading 0 native plugins for Editor in 0.00 ms.
Unloading 1805 Unused Serialized files (Serialized files now loaded: 0)
System memory in use before: 88.4 MB.
System memory in use after: 88.3 MB.

Unloading 12 unused Assets to reduce memory usage. Loaded Objects now: 2348.
Total: 1.864800 ms (FindLiveObjects: 0.158200 ms CreateObjectMapping: 0.056000 ms MarkObjects: 1.507400 ms  DeleteObjects: 0.142500 ms)

========================================================================
Received Import Request.
  Time since last request: 62.375178 seconds.
  path: Assets/Script/WallManager.cs
  artifactKey: Guid(d7d8cc380c898144ab66b465b0aa999e) Importer(815301076,1909f56bfc062723c751e8b465ee728b)
Start importing Assets/Script/WallManager.cs using Guid(d7d8cc380c898144ab66b465b0aa999e) Importer(815301076,1909f56bfc062723c751e8b465ee728b)  -> (artifact id: '63b566fc4eb4d785e00f2032b1994c9c') in 0.005056 seconds
  Import took 0.007738 seconds .

========================================================================
Received Prepare
Registering precompiled user dll's ...
Registered in 0.001578 seconds.
Begin MonoManager ReloadAssembly
Native extension for WindowsStandalone target not found
Refreshing native plugins compatible for Editor in 0.30 ms, found 1 plugins.
Preloading 0 native plugins for Editor in 0.00 ms.
Mono: successfully reloaded assembly
- Completed reload, in  0.842 seconds
Platform modules already initialized, skipping
Refreshing native plugins compatible for Editor in 0.30 ms, found 1 plugins.
Preloading 0 native plugins for Editor in 0.00 ms.
Unloading 1805 Unused Serialized files (Serialized files now loaded: 0)
System memory in use before: 88.4 MB.
System memory in use after: 88.3 MB.

Unloading 12 unused Assets to reduce memory usage. Loaded Objects now: 2352.
Total: 1.824200 ms (FindLiveObjects: 0.217700 ms CreateObjectMapping: 0.066000 ms MarkObjects: 1.456100 ms  DeleteObjects: 0.083500 ms)

========================================================================
Received Import Request.
  Time since last request: 234.038632 seconds.
  path: Assets/Script/WallManager.cs
  artifactKey: Guid(d7d8cc380c898144ab66b465b0aa999e) Importer(815301076,1909f56bfc062723c751e8b465ee728b)
Start importing Assets/Script/WallManager.cs using Guid(d7d8cc380c898144ab66b465b0aa999e) Importer(815301076,1909f56bfc062723c751e8b465ee728b)  -> (artifact id: 'fb229e034499727b79da6e41d96b7af0') in 0.004832 seconds
  Import took 0.007657 seconds .

========================================================================
Received Prepare
Registering precompiled user dll's ...
Registered in 0.001564 seconds.
Begin MonoManager ReloadAssembly
Native extension for WindowsStandalone target not found
Refreshing native plugins compatible for Editor in 0.35 ms, found 1 plugins.
Preloading 0 native plugins for Editor in 0.00 ms.
Mono: successfully reloaded assembly
- Completed reload, in  0.911 seconds
Platform modules already initialized, skipping
Refreshing native plugins compatible for Editor in 0.32 ms, found 1 plugins.
Preloading 0 native plugins for Editor in 0.00 ms.
Unloading 1805 Unused Serialized files (Serialized files now loaded: 0)
System memory in use before: 88.4 MB.
System memory in use after: 88.3 MB.

Unloading 12 unused Assets to reduce memory usage. Loaded Objects now: 2356.
Total: 1.972600 ms (FindLiveObjects: 0.191600 ms CreateObjectMapping: 0.076000 ms MarkObjects: 1.596600 ms  DeleteObjects: 0.106800 ms)

========================================================================
Received Import Request.
  Time since last request: 74.647425 seconds.
  path: Assets/Script/WallManager.cs
  artifactKey: Guid(d7d8cc380c898144ab66b465b0aa999e) Importer(815301076,1909f56bfc062723c751e8b465ee728b)
Start importing Assets/Script/WallManager.cs using Guid(d7d8cc380c898144ab66b465b0aa999e) Importer(815301076,1909f56bfc062723c751e8b465ee728b)  -> (artifact id: '7a0684f547ee854a01cb4e929af3dcd0') in 0.005012 seconds
  Import took 0.008110 seconds .

========================================================================
Received Prepare
Registering precompiled user dll's ...
Registered in 0.001610 seconds.
Begin MonoManager ReloadAssembly
Native extension for WindowsStandalone target not found
Refreshing native plugins compatible for Editor in 0.32 ms, found 1 plugins.
Preloading 0 native plugins for Editor in 0.00 ms.
Mono: successfully reloaded assembly
- Completed reload, in  0.797 seconds
Platform modules already initialized, skipping
Refreshing native plugins compatible for Editor in 0.31 ms, found 1 plugins.
Preloading 0 native plugins for Editor in 0.00 ms.
Unloading 1805 Unused Serialized files (Serialized files now loaded: 0)
System memory in use before: 88.4 MB.
System memory in use after: 88.4 MB.

Unloading 12 unused Assets to reduce memory usage. Loaded Objects now: 2360.
Total: 1.817700 ms (FindLiveObjects: 0.184300 ms CreateObjectMapping: 0.056300 ms MarkObjects: 1.445800 ms  DeleteObjects: 0.130500 ms)

========================================================================
Received Import Request.
  Time since last request: 203.706151 seconds.
  path: Assets/Script/WallManager.cs
  artifactKey: Guid(d7d8cc380c898144ab66b465b0aa999e) Importer(815301076,1909f56bfc062723c751e8b465ee728b)
Start importing Assets/Script/WallManager.cs using Guid(d7d8cc380c898144ab66b465b0aa999e) Importer(815301076,1909f56bfc062723c751e8b465ee728b)  -> (artifact id: '8fb16185bcf214e67e59317c65ae155e') in 0.004281 seconds
  Import took 0.006646 seconds .

========================================================================
Received Import Request.
  Time since last request: 86.229000 seconds.
  path: Assets/Script/WallManager.cs
  artifactKey: Guid(d7d8cc380c898144ab66b465b0aa999e) Importer(815301076,1909f56bfc062723c751e8b465ee728b)
Start importing Assets/Script/WallManager.cs using Guid(d7d8cc380c898144ab66b465b0aa999e) Importer(815301076,1909f56bfc062723c751e8b465ee728b)  -> (artifact id: 'e0994702993dcc7d81cfe2642d32345f') in 0.002757 seconds
  Import took 0.005586 seconds .

========================================================================
Received Prepare
Registering precompiled user dll's ...
Registered in 0.001473 seconds.
Begin MonoManager ReloadAssembly
Native extension for WindowsStandalone target not found
Refreshing native plugins compatible for Editor in 0.30 ms, found 1 plugins.
Preloading 0 native plugins for Editor in 0.00 ms.
Mono: successfully reloaded assembly
- Completed reload, in  0.824 seconds
Platform modules already initialized, skipping
Refreshing native plugins compatible for Editor in 0.31 ms, found 1 plugins.
Preloading 0 native plugins for Editor in 0.00 ms.
Unloading 1805 Unused Serialized files (Serialized files now loaded: 0)
System memory in use before: 88.4 MB.
System memory in use after: 88.4 MB.

Unloading 12 unused Assets to reduce memory usage. Loaded Objects now: 2364.
Total: 1.736300 ms (FindLiveObjects: 0.173000 ms CreateObjectMapping: 0.061500 ms MarkObjects: 1.382800 ms  DeleteObjects: 0.118200 ms)

========================================================================
Received Prepare
Registering precompiled user dll's ...
Registered in 0.001841 seconds.
Begin MonoManager ReloadAssembly
Native extension for WindowsStandalone target not found
Refreshing native plugins compatible for Editor in 0.31 ms, found 1 plugins.
Preloading 0 native plugins for Editor in 0.00 ms.
Mono: successfully reloaded assembly
- Completed reload, in  1.077 seconds
Platform modules already initialized, skipping
Refreshing native plugins compatible for Editor in 0.35 ms, found 1 plugins.
Preloading 0 native plugins for Editor in 0.00 ms.
Unloading 1805 Unused Serialized files (Serialized files now loaded: 0)
System memory in use before: 88.4 MB.
System memory in use after: 88.4 MB.

Unloading 12 unused Assets to reduce memory usage. Loaded Objects now: 2368.
Total: 1.933900 ms (FindLiveObjects: 0.219300 ms CreateObjectMapping: 0.106500 ms MarkObjects: 1.500000 ms  DeleteObjects: 0.107500 ms)

========================================================================
Received Import Request.
  Time since last request: 94.568702 seconds.
  path: Assets/Script/WallManager.cs
  artifactKey: Guid(d7d8cc380c898144ab66b465b0aa999e) Importer(815301076,1909f56bfc062723c751e8b465ee728b)
Start importing Assets/Script/WallManager.cs using Guid(d7d8cc380c898144ab66b465b0aa999e) Importer(815301076,1909f56bfc062723c751e8b465ee728b)  -> (artifact id: 'e308f10a3f763e1948871bf9e45a1c1b') in 0.004479 seconds
  Import took 0.007070 seconds .

========================================================================
Received Import Request.
  Time since last request: 0.023503 seconds.
  path: Assets/Script/WallManager.cs
  artifactKey: Guid(d7d8cc380c898144ab66b465b0aa999e) Importer(815301076,1909f56bfc062723c751e8b465ee728b)
Start importing Assets/Script/WallManager.cs using Guid(d7d8cc380c898144ab66b465b0aa999e) Importer(815301076,1909f56bfc062723c751e8b465ee728b)  -> (artifact id: 'e308f10a3f763e1948871bf9e45a1c1b') in 0.003147 seconds
  Import took 0.005699 seconds .

========================================================================
Received Prepare
Registering precompiled user dll's ...
Registered in 0.001433 seconds.
Begin MonoManager ReloadAssembly
Native extension for WindowsStandalone target not found
Refreshing native plugins compatible for Editor in 0.30 ms, found 1 plugins.
Preloading 0 native plugins for Editor in 0.00 ms.
Mono: successfully reloaded assembly
- Completed reload, in  0.833 seconds
Platform modules already initialized, skipping
Refreshing native plugins compatible for Editor in 0.36 ms, found 1 plugins.
Preloading 0 native plugins for Editor in 0.00 ms.
Unloading 1805 Unused Serialized files (Serialized files now loaded: 0)
System memory in use before: 88.4 MB.
System memory in use after: 88.4 MB.

Unloading 12 unused Assets to reduce memory usage. Loaded Objects now: 2372.
Total: 2.372000 ms (FindLiveObjects: 0.373300 ms CreateObjectMapping: 0.184800 ms MarkObjects: 1.702300 ms  DeleteObjects: 0.110100 ms)

========================================================================
Received Prepare
Registering precompiled user dll's ...
Registered in 0.001355 seconds.
Begin MonoManager ReloadAssembly
Native extension for WindowsStandalone target not found
Refreshing native plugins compatible for Editor in 0.55 ms, found 1 plugins.
Preloading 0 native plugins for Editor in 0.00 ms.
Mono: successfully reloaded assembly
- Completed reload, in  0.922 seconds
Platform modules already initialized, skipping
Refreshing native plugins compatible for Editor in 0.31 ms, found 1 plugins.
Preloading 0 native plugins for Editor in 0.00 ms.
Unloading 1805 Unused Serialized files (Serialized files now loaded: 0)
System memory in use before: 88.4 MB.
System memory in use after: 88.4 MB.

Unloading 12 unused Assets to reduce memory usage. Loaded Objects now: 2376.
Total: 1.944500 ms (FindLiveObjects: 0.283400 ms CreateObjectMapping: 0.083200 ms MarkObjects: 1.443700 ms  DeleteObjects: 0.133300 ms)

========================================================================
Received Prepare
Registering precompiled user dll's ...
Registered in 0.002076 seconds.
Begin MonoManager ReloadAssembly
Native extension for WindowsStandalone target not found
Refreshing native plugins compatible for Editor in 0.34 ms, found 1 plugins.
Preloading 0 native plugins for Editor in 0.00 ms.
Mono: successfully reloaded assembly
- Completed reload, in  0.873 seconds
Platform modules already initialized, skipping
Refreshing native plugins compatible for Editor in 0.53 ms, found 1 plugins.
Preloading 0 native plugins for Editor in 0.00 ms.
Unloading 1805 Unused Serialized files (Serialized files now loaded: 0)
System memory in use before: 88.4 MB.
System memory in use after: 88.4 MB.

Unloading 12 unused Assets to reduce memory usage. Loaded Objects now: 2380.
Total: 1.575900 ms (FindLiveObjects: 0.151700 ms CreateObjectMapping: 0.055200 ms MarkObjects: 1.280100 ms  DeleteObjects: 0.088200 ms)

========================================================================
Received Import Request.
  Time since last request: 325.963974 seconds.
  path: Assets/Script/WallManager.cs
  artifactKey: Guid(d7d8cc380c898144ab66b465b0aa999e) Importer(815301076,1909f56bfc062723c751e8b465ee728b)
Start importing Assets/Script/WallManager.cs using Guid(d7d8cc380c898144ab66b465b0aa999e) Importer(815301076,1909f56bfc062723c751e8b465ee728b)  -> (artifact id: '533ea13be90c261a5c83ee6b5f9363b7') in 0.004749 seconds
  Import took 0.007149 seconds .

========================================================================
Received Import Request.
  Time since last request: 157.762372 seconds.
  path: Assets/Script/WallManager.cs
  artifactKey: Guid(d7d8cc380c898144ab66b465b0aa999e) Importer(815301076,1909f56bfc062723c751e8b465ee728b)
Start importing Assets/Script/WallManager.cs using Guid(d7d8cc380c898144ab66b465b0aa999e) Importer(815301076,1909f56bfc062723c751e8b465ee728b)  -> (artifact id: '5672d7b2e1bef9866af7e39ee7c02f9a') in 0.003012 seconds
  Import took 0.006796 seconds .

========================================================================
Received Prepare
Registering precompiled user dll's ...
Registered in 0.001392 seconds.
Begin MonoManager ReloadAssembly
Native extension for WindowsStandalone target not found
Refreshing native plugins compatible for Editor in 0.30 ms, found 1 plugins.
Preloading 0 native plugins for Editor in 0.00 ms.
Mono: successfully reloaded assembly
- Completed reload, in  0.858 seconds
Platform modules already initialized, skipping
Refreshing native plugins compatible for Editor in 0.35 ms, found 1 plugins.
Preloading 0 native plugins for Editor in 0.00 ms.
Unloading 1805 Unused Serialized files (Serialized files now loaded: 0)
System memory in use before: 88.4 MB.
System memory in use after: 88.4 MB.

Unloading 12 unused Assets to reduce memory usage. Loaded Objects now: 2384.
Total: 1.686800 ms (FindLiveObjects: 0.192100 ms CreateObjectMapping: 0.071900 ms MarkObjects: 1.337400 ms  DeleteObjects: 0.084700 ms)

========================================================================
Received Prepare
Registering precompiled user dll's ...
Registered in 0.001391 seconds.
Begin MonoManager ReloadAssembly
Native extension for WindowsStandalone target not found
Refreshing native plugins compatible for Editor in 0.32 ms, found 1 plugins.
Preloading 0 native plugins for Editor in 0.00 ms.
Mono: successfully reloaded assembly
- Completed reload, in  0.847 seconds
Platform modules already initialized, skipping
Refreshing native plugins compatible for Editor in 0.32 ms, found 1 plugins.
Preloading 0 native plugins for Editor in 0.00 ms.
Unloading 1805 Unused Serialized files (Serialized files now loaded: 0)
System memory in use before: 88.4 MB.
System memory in use after: 88.4 MB.

Unloading 12 unused Assets to reduce memory usage. Loaded Objects now: 2388.
Total: 1.827600 ms (FindLiveObjects: 0.201600 ms CreateObjectMapping: 0.055600 ms MarkObjects: 1.481900 ms  DeleteObjects: 0.087700 ms)

========================================================================
Received Import Request.
  Time since last request: 108.318048 seconds.
  path: Assets/Script/WallManager.cs
  artifactKey: Guid(d7d8cc380c898144ab66b465b0aa999e) Importer(815301076,1909f56bfc062723c751e8b465ee728b)
Start importing Assets/Script/WallManager.cs using Guid(d7d8cc380c898144ab66b465b0aa999e) Importer(815301076,1909f56bfc062723c751e8b465ee728b)  -> (artifact id: '7f3ebc55cadda7665c37a1df7473d813') in 0.004567 seconds
  Import took 0.007112 seconds .

========================================================================
Received Import Request.
  Time since last request: 0.023521 seconds.
  path: Assets/Script/WallManager.cs
  artifactKey: Guid(d7d8cc380c898144ab66b465b0aa999e) Importer(815301076,1909f56bfc062723c751e8b465ee728b)
Start importing Assets/Script/WallManager.cs using Guid(d7d8cc380c898144ab66b465b0aa999e) Importer(815301076,1909f56bfc062723c751e8b465ee728b)  -> (artifact id: '7f3ebc55cadda7665c37a1df7473d813') in 0.003234 seconds
  Import took 0.006033 seconds .

========================================================================
Received Import Request.
  Time since last request: 9.176468 seconds.
  path: Assets/Script/NewBehaviourScript.cs
  artifactKey: Guid(74e5df087f8d53041b43b110d2995e84) Importer(815301076,1909f56bfc062723c751e8b465ee728b)
Start importing Assets/Script/NewBehaviourScript.cs using Guid(74e5df087f8d53041b43b110d2995e84) Importer(815301076,1909f56bfc062723c751e8b465ee728b)  -> (artifact id: '0e232d024cd687743dde50b1904c0f4c') in 0.002727 seconds
  Import took 0.005483 seconds .

========================================================================
Received Prepare
Registering precompiled user dll's ...
Registered in 0.001948 seconds.
Begin MonoManager ReloadAssembly
Native extension for WindowsStandalone target not found
Refreshing native plugins compatible for Editor in 0.36 ms, found 1 plugins.
Preloading 0 native plugins for Editor in 0.00 ms.
Mono: successfully reloaded assembly
- Completed reload, in  1.132 seconds
Platform modules already initialized, skipping
Refreshing native plugins compatible for Editor in 0.38 ms, found 1 plugins.
Preloading 0 native plugins for Editor in 0.00 ms.
Unloading 1806 Unused Serialized files (Serialized files now loaded: 0)
System memory in use before: 88.5 MB.
System memory in use after: 88.4 MB.

Unloading 12 unused Assets to reduce memory usage. Loaded Objects now: 2393.
Total: 2.932800 ms (FindLiveObjects: 0.354800 ms CreateObjectMapping: 0.154000 ms MarkObjects: 2.252800 ms  DeleteObjects: 0.169100 ms)

========================================================================
Received Import Request.
  Time since last request: 54.945611 seconds.
  path: Assets/Script/WallManager.cs
  artifactKey: Guid(d7d8cc380c898144ab66b465b0aa999e) Importer(815301076,1909f56bfc062723c751e8b465ee728b)
Start importing Assets/Script/WallManager.cs using Guid(d7d8cc380c898144ab66b465b0aa999e) Importer(815301076,1909f56bfc062723c751e8b465ee728b)  -> (artifact id: 'eb5ffb58d41d01628b28684e78038126') in 0.005590 seconds
  Import took 0.008653 seconds .

========================================================================
Received Prepare
Registering precompiled user dll's ...
Registered in 0.001363 seconds.
Begin MonoManager ReloadAssembly
Native extension for WindowsStandalone target not found
Refreshing native plugins compatible for Editor in 0.31 ms, found 1 plugins.
Preloading 0 native plugins for Editor in 0.00 ms.
Mono: successfully reloaded assembly
- Completed reload, in  0.883 seconds
Platform modules already initialized, skipping
Refreshing native plugins compatible for Editor in 0.31 ms, found 1 plugins.
Preloading 0 native plugins for Editor in 0.00 ms.
Unloading 1806 Unused Serialized files (Serialized files now loaded: 0)
System memory in use before: 88.5 MB.
System memory in use after: 88.4 MB.

Unloading 12 unused Assets to reduce memory usage. Loaded Objects now: 2397.
Total: 1.743700 ms (FindLiveObjects: 0.170300 ms CreateObjectMapping: 0.058800 ms MarkObjects: 1.385500 ms  DeleteObjects: 0.128300 ms)

========================================================================
Received Prepare
Registering precompiled user dll's ...
Registered in 0.001550 seconds.
Begin MonoManager ReloadAssembly
Native extension for WindowsStandalone target not found
Refreshing native plugins compatible for Editor in 0.41 ms, found 1 plugins.
Preloading 0 native plugins for Editor in 0.00 ms.
Mono: successfully reloaded assembly
- Completed reload, in  0.867 seconds
Platform modules already initialized, skipping
Refreshing native plugins compatible for Editor in 0.30 ms, found 1 plugins.
Preloading 0 native plugins for Editor in 0.00 ms.
Unloading 1806 Unused Serialized files (Serialized files now loaded: 0)
System memory in use before: 88.5 MB.
System memory in use after: 88.5 MB.

Unloading 12 unused Assets to reduce memory usage. Loaded Objects now: 2401.
Total: 1.751000 ms (FindLiveObjects: 0.273700 ms CreateObjectMapping: 0.082300 ms MarkObjects: 1.315700 ms  DeleteObjects: 0.078600 ms)

========================================================================
Received Import Request.
  Time since last request: 95.622204 seconds.
  path: Assets/Script/WallManager.cs
  artifactKey: Guid(d7d8cc380c898144ab66b465b0aa999e) Importer(815301076,1909f56bfc062723c751e8b465ee728b)
Start importing Assets/Script/WallManager.cs using Guid(d7d8cc380c898144ab66b465b0aa999e) Importer(815301076,1909f56bfc062723c751e8b465ee728b)  -> (artifact id: 'f12a229969cc174b55168d3e1b5f8e51') in 0.006180 seconds
  Import took 0.009165 seconds .

========================================================================
Received Prepare
Registering precompiled user dll's ...
Registered in 0.002033 seconds.
Begin MonoManager ReloadAssembly
Native extension for WindowsStandalone target not found
Refreshing native plugins compatible for Editor in 0.35 ms, found 1 plugins.
Preloading 0 native plugins for Editor in 0.00 ms.
Mono: successfully reloaded assembly
- Completed reload, in  0.930 seconds
Platform modules already initialized, skipping
Refreshing native plugins compatible for Editor in 0.38 ms, found 1 plugins.
Preloading 0 native plugins for Editor in 0.00 ms.
Unloading 1806 Unused Serialized files (Serialized files now loaded: 0)
System memory in use before: 88.5 MB.
System memory in use after: 88.5 MB.

Unloading 12 unused Assets to reduce memory usage. Loaded Objects now: 2405.
Total: 2.041000 ms (FindLiveObjects: 0.183400 ms CreateObjectMapping: 0.102300 ms MarkObjects: 1.664600 ms  DeleteObjects: 0.089700 ms)

========================================================================
Received Prepare
Registering precompiled user dll's ...
Registered in 0.001796 seconds.
Begin MonoManager ReloadAssembly
Native extension for WindowsStandalone target not found
Refreshing native plugins compatible for Editor in 0.36 ms, found 1 plugins.
Preloading 0 native plugins for Editor in 0.00 ms.
Mono: successfully reloaded assembly
- Completed reload, in  0.884 seconds
Platform modules already initialized, skipping
Refreshing native plugins compatible for Editor in 0.31 ms, found 1 plugins.
Preloading 0 native plugins for Editor in 0.00 ms.
Unloading 1806 Unused Serialized files (Serialized files now loaded: 0)
System memory in use before: 88.5 MB.
System memory in use after: 88.5 MB.

Unloading 12 unused Assets to reduce memory usage. Loaded Objects now: 2409.
Total: 1.957700 ms (FindLiveObjects: 0.196200 ms CreateObjectMapping: 0.079400 ms MarkObjects: 1.587300 ms  DeleteObjects: 0.093900 ms)

========================================================================
Received Prepare
Registering precompiled user dll's ...
Registered in 0.001662 seconds.
Begin MonoManager ReloadAssembly
Native extension for WindowsStandalone target not found
Refreshing native plugins compatible for Editor in 0.69 ms, found 1 plugins.
Preloading 0 native plugins for Editor in 0.00 ms.
Mono: successfully reloaded assembly
- Completed reload, in  1.111 seconds
Platform modules already initialized, skipping
Refreshing native plugins compatible for Editor in 0.31 ms, found 1 plugins.
Preloading 0 native plugins for Editor in 0.00 ms.
Unloading 1806 Unused Serialized files (Serialized files now loaded: 0)
System memory in use before: 88.5 MB.
System memory in use after: 88.5 MB.

Unloading 12 unused Assets to reduce memory usage. Loaded Objects now: 2413.
Total: 2.179800 ms (FindLiveObjects: 0.259000 ms CreateObjectMapping: 0.089500 ms MarkObjects: 1.707800 ms  DeleteObjects: 0.122000 ms)

AssetImportWorkerClient::OnTransportError - code=2 error=End of file
